[0.000000] (-) TimerEvent: {}
[0.000281] (ros_controller_interface) JobQueued: {'identifier': 'ros_controller_interface', 'dependencies': OrderedDict()}
[0.001108] (v2_robot_arm_interfaces) JobQueued: {'identifier': 'v2_robot_arm_interfaces', 'dependencies': OrderedDict()}
[0.001220] (hardware_interface) JobQueued: {'identifier': 'hardware_interface', 'dependencies': OrderedDict({'v2_robot_arm_interfaces': '/home/darudecookie/Documents/V2-Robot-Arm/software/ros2/src/install/v2_robot_arm_interfaces'})}
[0.001277] (movement_controllers) JobQueued: {'identifier': 'movement_controllers', 'dependencies': OrderedDict({'v2_robot_arm_interfaces': '/home/darudecookie/Documents/V2-Robot-Arm/software/ros2/src/install/v2_robot_arm_interfaces'})}
[0.001308] (v2_robot_arm_interfaces) JobStarted: {'identifier': 'v2_robot_arm_interfaces'}
[0.010356] (ros_controller_interface) JobStarted: {'identifier': 'ros_controller_interface'}
[0.022432] (v2_robot_arm_interfaces) JobProgress: {'identifier': 'v2_robot_arm_interfaces', 'progress': 'cmake'}
[0.024278] (v2_robot_arm_interfaces) JobProgress: {'identifier': 'v2_robot_arm_interfaces', 'progress': 'build'}
[0.024364] (v2_robot_arm_interfaces) Command: {'cmd': ['/usr/bin/cmake', '--build', '/home/darudecookie/Documents/V2-Robot-Arm/software/ros2/src/build/v2_robot_arm_interfaces', '--', '-j4', '-l4'], 'cwd': '/home/darudecookie/Documents/V2-Robot-Arm/software/ros2/src/build/v2_robot_arm_interfaces', 'env': OrderedDict({'LESSOPEN': '| /usr/bin/lesspipe %s', 'USER': 'darudecookie', 'XDG_SESSION_TYPE': 'wayland', 'SHLVL': '1', 'LD_LIBRARY_PATH': '/home/darudecookie/Documents/V2-Robot-Arm/software/ros2/src/install/v2_robot_arm_interfaces/lib:/opt/ros/rolling/opt/rviz_ogre_vendor/lib:/opt/ros/rolling/lib/x86_64-linux-gnu:/opt/ros/rolling/opt/gz_math_vendor/lib:/opt/ros/rolling/opt/gz_utils_vendor/lib:/opt/ros/rolling/opt/gz_cmake_vendor/lib:/opt/ros/rolling/lib', 'HOME': '/home/darudecookie', 'DESKTOP_SESSION': 'ubuntu', 'ROS_PYTHON_VERSION': '3', 'GNOME_SHELL_SESSION_MODE': 'ubuntu', 'GTK_MODULES': 'gail:atk-bridge', 'SYSTEMD_EXEC_PID': '2054', 'GSM_SKIP_SSH_AGENT_WORKAROUND': 'true', 'DBUS_SESSION_BUS_ADDRESS': 'unix:path=/run/user/1000/bus', 'COLORTERM': 'truecolor', '_colcon_cd_root': '/opt/ros/rolling/', 'DEBUGINFOD_URLS': 'https://debuginfod.ubuntu.com', 'IM_CONFIG_PHASE': '1', 'WAYLAND_DISPLAY': 'wayland-0', 'COLCON_PREFIX_PATH': '/home/darudecookie/Documents/V2-Robot-Arm/software/ros2/src/install', 'ROS_DISTRO': 'rolling', 'LOGNAME': 'darudecookie', '_': '/usr/bin/colcon', 'ROS_VERSION': '2', 'MEMORY_PRESSURE_WATCH': '/sys/fs/cgroup/user.slice/user-1000.slice/user@1000.service/session.slice/org.gnome.Shell@wayland.service/memory.pressure', 'XDG_SESSION_CLASS': 'user', 'USERNAME': 'darudecookie', 'TERM': 'xterm-256color', 'GNOME_DESKTOP_SESSION_ID': 'this-is-deprecated', 'PATH': '/opt/ros/rolling/bin:/home/darudecookie/.local/bin:/usr/local/sbin:/usr/local/bin:/usr/sbin:/usr/bin:/sbin:/bin:/usr/games:/usr/local/games:/snap/bin:/snap/bin', 'SESSION_MANAGER': 'local/darudecookie-ThinkPad-X1-Carbon-5th:@/tmp/.ICE-unix/2026,unix/darudecookie-ThinkPad-X1-Carbon-5th:/tmp/.ICE-unix/2026', 'XDG_MENU_PREFIX': 'gnome-', 'GNOME_TERMINAL_SCREEN': '/org/gnome/Terminal/screen/86a4619d_8cde_47f9_9c1c_0e628d00f4d6', 'GNOME_SETUP_DISPLAY': ':1', 'XDG_RUNTIME_DIR': '/run/user/1000', 'DISPLAY': ':0', 'LANG': 'en_US.UTF-8', 'XDG_CURRENT_DESKTOP': 'ubuntu:GNOME', 'XMODIFIERS': '@im=ibus', 'XDG_SESSION_DESKTOP': 'ubuntu', 'XAUTHORITY': '/run/user/1000/.mutter-Xwaylandauth.PHLQP2', 'LS_COLORS': 'rs=0:di=01;34:ln=01;36:mh=00:pi=40;33:so=01;35:do=01;35:bd=40;33;01:cd=40;33;01:or=40;31;01:mi=00:su=37;41:sg=30;43:ca=00:tw=30;42:ow=34;42:st=37;44:ex=01;32:*.tar=01;31:*.tgz=01;31:*.arc=01;31:*.arj=01;31:*.taz=01;31:*.lha=01;31:*.lz4=01;31:*.lzh=01;31:*.lzma=01;31:*.tlz=01;31:*.txz=01;31:*.tzo=01;31:*.t7z=01;31:*.zip=01;31:*.z=01;31:*.dz=01;31:*.gz=01;31:*.lrz=01;31:*.lz=01;31:*.lzo=01;31:*.xz=01;31:*.zst=01;31:*.tzst=01;31:*.bz2=01;31:*.bz=01;31:*.tbz=01;31:*.tbz2=01;31:*.tz=01;31:*.deb=01;31:*.rpm=01;31:*.jar=01;31:*.war=01;31:*.ear=01;31:*.sar=01;31:*.rar=01;31:*.alz=01;31:*.ace=01;31:*.zoo=01;31:*.cpio=01;31:*.7z=01;31:*.rz=01;31:*.cab=01;31:*.wim=01;31:*.swm=01;31:*.dwm=01;31:*.esd=01;31:*.avif=01;35:*.jpg=01;35:*.jpeg=01;35:*.mjpg=01;35:*.mjpeg=01;35:*.gif=01;35:*.bmp=01;35:*.pbm=01;35:*.pgm=01;35:*.ppm=01;35:*.tga=01;35:*.xbm=01;35:*.xpm=01;35:*.tif=01;35:*.tiff=01;35:*.png=01;35:*.svg=01;35:*.svgz=01;35:*.mng=01;35:*.pcx=01;35:*.mov=01;35:*.mpg=01;35:*.mpeg=01;35:*.m2v=01;35:*.mkv=01;35:*.webm=01;35:*.webp=01;35:*.ogm=01;35:*.mp4=01;35:*.m4v=01;35:*.mp4v=01;35:*.vob=01;35:*.qt=01;35:*.nuv=01;35:*.wmv=01;35:*.asf=01;35:*.rm=01;35:*.rmvb=01;35:*.flc=01;35:*.avi=01;35:*.fli=01;35:*.flv=01;35:*.gl=01;35:*.dl=01;35:*.xcf=01;35:*.xwd=01;35:*.yuv=01;35:*.cgm=01;35:*.emf=01;35:*.ogv=01;35:*.ogx=01;35:*.aac=00;36:*.au=00;36:*.flac=00;36:*.m4a=00;36:*.mid=00;36:*.midi=00;36:*.mka=00;36:*.mp3=00;36:*.mpc=00;36:*.ogg=00;36:*.ra=00;36:*.wav=00;36:*.oga=00;36:*.opus=00;36:*.spx=00;36:*.xspf=00;36:*~=00;90:*#=00;90:*.bak=00;90:*.crdownload=00;90:*.dpkg-dist=00;90:*.dpkg-new=00;90:*.dpkg-old=00;90:*.dpkg-tmp=00;90:*.old=00;90:*.orig=00;90:*.part=00;90:*.rej=00;90:*.rpmnew=00;90:*.rpmorig=00;90:*.rpmsave=00;90:*.swp=00;90:*.tmp=00;90:*.ucf-dist=00;90:*.ucf-new=00;90:*.ucf-old=00;90:', 'GNOME_TERMINAL_SERVICE': ':1.370', 'SSH_AUTH_SOCK': '/run/user/1000/keyring/ssh', 'ROS_DOMAIN_ID': '0', 'AMENT_PREFIX_PATH': '/home/darudecookie/Documents/V2-Robot-Arm/software/ros2/src/install/movement_controllers:/home/darudecookie/Documents/V2-Robot-Arm/software/ros2/src/install/hardware_interface:/home/darudecookie/Documents/V2-Robot-Arm/software/ros2/src/install/v2_robot_arm_interfaces:/home/darudecookie/Documents/V2-Robot-Arm/software/ros2/src/install/v2-robot-arm_interfaces:/home/darudecookie/Documents/V2-Robot-Arm/software/ros2/src/install/ros_controller_interface:/opt/ros/rolling', 'SHELL': '/bin/bash', 'QT_ACCESSIBILITY': '1', 'GDMSESSION': 'ubuntu', 'LESSCLOSE': '/usr/bin/lesspipe %s %s', 'ROS_AUTOMATIC_DISCOVERY_RANGE': 'SUBNET', 'QT_IM_MODULE': 'ibus', 'PWD': '/home/darudecookie/Documents/V2-Robot-Arm/software/ros2/src/build/v2_robot_arm_interfaces', 'LC_ALL': 'en_US.UTF-8', 'XDG_CONFIG_DIRS': '/etc/xdg/xdg-ubuntu:/etc/xdg', 'XDG_DATA_DIRS': '/usr/share/ubuntu:/usr/share/gnome:/usr/local/share/:/usr/share/:/var/lib/snapd/desktop', 'PYTHONPATH': '/home/darudecookie/Documents/V2-Robot-Arm/software/ros2/src/install/movement_controllers/lib/python3.12/site-packages:/home/darudecookie/Documents/V2-Robot-Arm/software/ros2/src/install/hardware_interface/lib/python3.12/site-packages:/home/darudecookie/Documents/V2-Robot-Arm/software/ros2/src/install/v2_robot_arm_interfaces/lib/python3.12/site-packages:/home/darudecookie/Documents/V2-Robot-Arm/software/ros2/src/install/ros_controller_interface/lib/python3.12/site-packages:/opt/ros/rolling/lib/python3.12/site-packages', 'COLCON': '1', 'MEMORY_PRESSURE_WRITE': 'c29tZSAyMDAwMDAgMjAwMDAwMAA=', 'VTE_VERSION': '7600', 'CMAKE_PREFIX_PATH': '/home/darudecookie/Documents/V2-Robot-Arm/software/ros2/src/install/v2_robot_arm_interfaces:/home/darudecookie/Documents/V2-Robot-Arm/software/ros2/src/install/v2-robot-arm_interfaces:/opt/ros/rolling/opt/gz_math_vendor:/opt/ros/rolling/opt/gz_utils_vendor:/opt/ros/rolling/opt/gz_cmake_vendor:/home/darudecookie/Documents/V2-Robot-Arm/software/ros2/src/install/movement_controllers:/home/darudecookie/Documents/V2-Robot-Arm/software/ros2/src/install/hardware_interface:/home/darudecookie/Documents/V2-Robot-Arm/software/ros2/src/install/ros_controller_interface:/opt/ros/rolling'}), 'shell': False}
[0.099683] (-) TimerEvent: {}
[0.104855] (v2_robot_arm_interfaces) StdoutLine: {'line': b'[  0%] Built target v2_robot_arm_interfaces__rosidl_generator_type_description\n'}
[0.139779] (v2_robot_arm_interfaces) StdoutLine: {'line': b'[  0%] Built target ament_cmake_python_copy_v2_robot_arm_interfaces\n'}
[0.180042] (v2_robot_arm_interfaces) StdoutLine: {'line': b'[  0%] Built target v2_robot_arm_interfaces__cpp\n'}
[0.199780] (-) TimerEvent: {}
[0.221702] (v2_robot_arm_interfaces) StdoutLine: {'line': b'[ 26%] Built target v2_robot_arm_interfaces__rosidl_generator_c\n'}
[0.302061] (-) TimerEvent: {}
[0.341104] (v2_robot_arm_interfaces) StdoutLine: {'line': b'[ 36%] Built target v2_robot_arm_interfaces__rosidl_typesupport_cpp\n'}
[0.352214] (v2_robot_arm_interfaces) StdoutLine: {'line': b'[ 45%] Built target v2_robot_arm_interfaces__rosidl_typesupport_fastrtps_c\n'}
[0.355123] (v2_robot_arm_interfaces) StdoutLine: {'line': b'[ 55%] Built target v2_robot_arm_interfaces__rosidl_typesupport_fastrtps_cpp\n'}
[0.402157] (-) TimerEvent: {}
[0.413132] (v2_robot_arm_interfaces) StdoutLine: {'line': b'[ 65%] Built target v2_robot_arm_interfaces__rosidl_typesupport_c\n'}
[0.437155] (v2_robot_arm_interfaces) StdoutLine: {'line': b'[ 75%] Built target v2_robot_arm_interfaces__rosidl_typesupport_introspection_c\n'}
[0.447684] (v2_robot_arm_interfaces) StdoutLine: {'line': b'[ 85%] Built target v2_robot_arm_interfaces__rosidl_typesupport_introspection_cpp\n'}
[0.502252] (-) TimerEvent: {}
[0.526434] (v2_robot_arm_interfaces) StdoutLine: {'line': b'[ 85%] Built target v2_robot_arm_interfaces\n'}
[0.566448] (v2_robot_arm_interfaces) StdoutLine: {'line': b'[ 86%] Built target v2_robot_arm_interfaces__py\n'}
[0.604080] (-) TimerEvent: {}
[0.625188] (v2_robot_arm_interfaces) StdoutLine: {'line': b'[ 96%] Built target v2_robot_arm_interfaces__rosidl_generator_py\n'}
[0.700695] (v2_robot_arm_interfaces) StdoutLine: {'line': b'[ 97%] Built target v2_robot_arm_interfaces_s__rosidl_typesupport_c\n'}
[0.704177] (-) TimerEvent: {}
[0.733929] (v2_robot_arm_interfaces) StdoutLine: {'line': b'[ 98%] Built target v2_robot_arm_interfaces_s__rosidl_typesupport_fastrtps_c\n'}
[0.762552] (v2_robot_arm_interfaces) StdoutLine: {'line': b'[100%] Built target v2_robot_arm_interfaces_s__rosidl_typesupport_introspection_c\n'}
[0.807056] (-) TimerEvent: {}
[0.859949] (v2_robot_arm_interfaces) StdoutLine: {'line': b'running egg_info\n'}
[0.907150] (-) TimerEvent: {}
[0.911988] (v2_robot_arm_interfaces) StdoutLine: {'line': b'writing v2_robot_arm_interfaces.egg-info/PKG-INFO\n'}
[0.917382] (v2_robot_arm_interfaces) StdoutLine: {'line': b'writing dependency_links to v2_robot_arm_interfaces.egg-info/dependency_links.txt\n'}
[0.917653] (v2_robot_arm_interfaces) StdoutLine: {'line': b'writing top-level names to v2_robot_arm_interfaces.egg-info/top_level.txt\n'}
[1.007253] (-) TimerEvent: {}
[1.042362] (v2_robot_arm_interfaces) StdoutLine: {'line': b"reading manifest file 'v2_robot_arm_interfaces.egg-info/SOURCES.txt'\n"}
[1.043463] (v2_robot_arm_interfaces) StdoutLine: {'line': b"writing manifest file 'v2_robot_arm_interfaces.egg-info/SOURCES.txt'\n"}
[1.087216] (v2_robot_arm_interfaces) StdoutLine: {'line': b'[100%] Built target ament_cmake_python_build_v2_robot_arm_interfaces_egg\n'}
[1.107380] (-) TimerEvent: {}
[1.109088] (v2_robot_arm_interfaces) CommandEnded: {'returncode': 0}
[1.207496] (-) TimerEvent: {}
[1.307756] (-) TimerEvent: {}
[1.408742] (-) TimerEvent: {}
[1.511054] (-) TimerEvent: {}
[1.520044] (v2_robot_arm_interfaces) StderrLine: {'line': b'Traceback (most recent call last):\n  File "/usr/lib/python3/dist-packages/colcon_parallel_executor/executor/parallel.py", line 75, in execute\n    loop.run_until_complete(future)\n  File "/usr/lib/python3.12/asyncio/base_events.py", line 674, in run_until_complete\n    self.run_forever()\n  File "/usr/lib/python3.12/asyncio/base_events.py", line 641, in run_forever\n    self._run_once()\n  File "/usr/lib/python3.12/asyncio/base_events.py", line 1949, in _run_once\n    event_list = self._selector.select(timeout)\n                 ^^^^^^^^^^^^^^^^^^^^^^^^^^^^^^\n  File "/usr/lib/python3.12/selectors.py", line 468, in select\n    fd_event_list = self._selector.poll(timeout, max_ev)\n                    ^^^^^^^^^^^^^^^^^^^^^^^^^^^^^^^^^^^^\nKeyboardInterrupt\n\nDuring handling of the above exception, another exception occurred:\n\nTraceback (most recent call last):\n  File "/usr/lib/python3/dist-packages/colcon_core/executor/__init__.py", line 91, in __call__\n    rc = await self.task(*args, **kwargs)\n         ^^^^^^^^^^^^^^^^^^^^^^^^^^^^^^^^\n  File "/usr/lib/python3/dist-packages/colcon_core/task/__init__.py", line 93, in __call__\n    return await task_method(*args, **kwargs)\n           ^^^^^^^^^^^^^^^^^^^^^^^^^^^^^^^^^^\n  File "/usr/lib/python3/dist-packages/colcon_ros/task/ament_cmake/build.py", line 59, in build\n    rc = await extension.build(\n         ^^^^^^^^^^^^^^^^^^^^^^\n  File "/usr/lib/python3/dist-packages/colcon_cmake/task/cmake/build.py", line 110, in build\n    if await has_target(args.build_base, \'install\'):\n       ^^^^^^^^^^^^^^^^^^^^^^^^^^^^^^^^^^^^^^^^^^^^\n  File "/usr/lib/python3/dist-packages/colcon_cmake/task/cmake/__init__.py", line 57, in has_target\n    return target in await get_makefile_targets(path)\n                     ^^^^^^^^^^^^^^^^^^^^^^^^^^^^^^^^\n  File "/usr/lib/python3/dist-packages/colcon_cmake/task/cmake/__init__.py", line 77, in get_makefile_targets\n    output = await check_output([\n             ^^^^^^^^^^^^^^^^^^^^\n  File "/usr/lib/python3/dist-packages/colcon_core/subprocess.py", line 129, in check_output\n    assert not rc, f\'Expected {args} to pass: {stderr_data}\'\n           ^^^^^^\nAssertionError: Expected [\'/usr/bin/cmake\', \'--build\', \'/home/darudecookie/Documents/V2-Robot-Arm/software/ros2/src/build/v2_robot_arm_interfaces\', \'--target\', \'help\'] to pass: gmake: *** [Makefile:3935: help] Interrupt\n\n'}
[1.520401] (v2_robot_arm_interfaces) JobEnded: {'identifier': 'v2_robot_arm_interfaces', 'rc': 'SIGINT'}
[1.601530] (ros_controller_interface) JobEnded: {'identifier': 'ros_controller_interface', 'rc': 'SIGINT'}
[1.611150] (-) TimerEvent: {}
[1.612402] (hardware_interface) JobSkipped: {'identifier': 'hardware_interface'}
[1.612697] (movement_controllers) JobSkipped: {'identifier': 'movement_controllers'}
[1.612733] (-) EventReactorShutdown: {}
