[0.659s] Invoking command in '/home/darudecookie/Documents/V2-Robot-Arm/software/ros2/src/build/v2_robot_arm_interfaces': CMAKE_PREFIX_PATH=${CMAKE_PREFIX_PATH}:/opt/ros/rolling DEBUGINFOD_URLS=https://debuginfod.ubuntu.com /usr/bin/cmake --build /home/darudecookie/Documents/V2-Robot-Arm/software/ros2/src/build/v2_robot_arm_interfaces -- -j4 -l4
[0.695s] -- Found ament_cmake: 2.6.0 (/opt/ros/rolling/share/ament_cmake/cmake)
[1.050s] -- Found rosidl_default_generators: 1.7.0 (/opt/ros/rolling/share/rosidl_default_generators/cmake)
[1.055s] -- Using all available rosidl_typesupport_c: rosidl_typesupport_fastrtps_c;rosidl_typesupport_introspection_c
[1.122s] -- Using all available rosidl_typesupport_cpp: rosidl_typesupport_fastrtps_cpp;rosidl_typesupport_introspection_cpp
[1.181s] -- Found rosidl_adapter: 4.7.0 (/opt/ros/rolling/share/rosidl_adapter/cmake)
[1.746s] [31mCMake Error at /opt/ros/rolling/share/rosidl_adapter/cmake/rosidl_adapt_interfaces.cmake:57 (message):
[1.746s]   execute_process(/usr/bin/python3 -m rosidl_adapter --package-name
[1.746s]   v2_robot_arm_interfaces --arguments-file
[1.746s]   /home/darudecookie/Documents/V2-Robot-Arm/software/ros2/src/build/v2_robot_arm_interfaces/rosidl_adapter__arguments__v2_robot_arm_interfaces.json
[1.746s]   --output-dir
[1.746s]   /home/darudecookie/Documents/V2-Robot-Arm/software/ros2/src/build/v2_robot_arm_interfaces/rosidl_adapter/v2_robot_arm_interfaces
[1.747s]   --output-file
[1.747s]   /home/darudecookie/Documents/V2-Robot-Arm/software/ros2/src/build/v2_robot_arm_interfaces/rosidl_adapter/v2_robot_arm_interfaces.idls)
[1.747s]   returned error code 1:
[1.747s] 
[1.747s]   Traceback (most recent call last):
[1.747s] 
[1.747s]     File "<frozen runpy>", line 198, in _run_module_as_main
[1.748s]     File "<frozen runpy>", line 88, in _run_code
[1.748s]     File "/opt/ros/rolling/lib/python3.12/site-packages/rosidl_adapter/__main__.py", line 19, in <module>
[1.748s]       sys.exit(main())
[1.748s]                ^^^^^^
[1.748s]     File "/opt/ros/rolling/lib/python3.12/site-packages/rosidl_adapter/main.py", line 53, in main
[1.748s]       abs_idl_file = convert_to_idl(
[1.748s]                      ^^^^^^^^^^^^^^^
[1.749s]     File "/opt/ros/rolling/lib/python3.12/site-packages/rosidl_adapter/__init__.py", line 29, in convert_to_idl
[1.749s]       return convert_action_to_idl(
[1.749s]              ^^^^^^^^^^^^^^^^^^^^^^
[1.749s]     File "/opt/ros/rolling/lib/python3.12/site-packages/rosidl_adapter/action/__init__.py", line 28, in convert_action_to_idl
[1.749s]       action = parse_action_string(package_name, input_file.stem, content)
[1.749s]                ^^^^^^^^^^^^^^^^^^^^^^^^^^^^^^^^^^^^^^^^^^^^^^^^^^^^^^^^^^^
[1.749s]     File "/opt/ros/rolling/lib/python3.12/site-packages/rosidl_adapter/parser.py", line 895, in parse_action_string
[1.750s]       raise InvalidActionSpecification(
[1.750s] 
[1.750s]   rosidl_adapter.parser.InvalidActionSpecification: Number of '---'
[1.750s]   separators nonconformant with action definition
[1.750s] 
[1.750s] Call Stack (most recent call first):
[1.750s]   /opt/ros/rolling/share/rosidl_cmake/cmake/rosidl_generate_interfaces.cmake:132 (rosidl_adapt_interfaces)
[1.757s]   CMakeLists.txt:14 (rosidl_generate_interfaces)
[1.758s] 
[1.758s] [0m
[1.758s] -- Configuring incomplete, errors occurred!
[1.763s] gmake: *** [Makefile:226: cmake_check_build_system] Error 1
[1.767s] Invoked command in '/home/darudecookie/Documents/V2-Robot-Arm/software/ros2/src/build/v2_robot_arm_interfaces' returned '2': CMAKE_PREFIX_PATH=${CMAKE_PREFIX_PATH}:/opt/ros/rolling DEBUGINFOD_URLS=https://debuginfod.ubuntu.com /usr/bin/cmake --build /home/darudecookie/Documents/V2-Robot-Arm/software/ros2/src/build/v2_robot_arm_interfaces -- -j4 -l4
