<?xml version="1.0" encoding="UTF-8"?>
<Site BuildName="(empty)"
	BuildStamp="20240622-2234-Experimental"
	Name="darudecookie-ThinkPad-X1-Carbon-5th"
	Generator="ctest-3.28.3"
	CompilerName="/usr/bin/c++"
	CompilerVersion="13.2.0"
	OSName="Linux"
	Hostname="darudecookie-ThinkPad-X1-Carbon-5th"
	OSRelease="6.8.0-35-generic"
	OSVersion="#35-Ubuntu SMP PREEMPT_DYNAMIC Mon May 20 15:51:52 UTC 2024"
	OSPlatform="x86_64"
	Is64Bits="1"
	VendorString="GenuineIntel"
	VendorID="Intel Corporation"
	FamilyID="6"
	ModelID="142"
	ProcessorCacheSize="4096"
	NumberOfLogicalCPU="4"
	NumberOfPhysicalCPU="2"
	TotalVirtualMemory="4095"
	TotalPhysicalMemory="15736"
	LogicalProcessorsPerPhysical="2"
	ProcessorClockFrequency="3400.01"
	>
	<Testing>
		<StartDateTime>Jun 22 18:35 EDT</StartDateTime>
		<StartTestTime>1719095753</StartTestTime>
		<TestList/>
		<EndDateTime>Jun 22 18:35 EDT</EndDateTime>
		<EndTestTime>1719095753</EndTestTime>
		<ElapsedMinutes>0</ElapsedMinutes>
	</Testing>
</Site>
