[0.734s] Invoking command in '/home/darudecookie/Documents/V2-Robot-Arm/software/ros2/src/build/v2_robot_arm_interfaces': CMAKE_PREFIX_PATH=${CMAKE_PREFIX_PATH}:/opt/ros/rolling DEBUGINFOD_URLS=https://debuginfod.ubuntu.com /usr/bin/cmake --build /home/darudecookie/Documents/V2-Robot-Arm/software/ros2/src/build/v2_robot_arm_interfaces -- -j4 -l4
[0.775s] -- Found ament_cmake: 2.6.0 (/opt/ros/rolling/share/ament_cmake/cmake)
[1.191s] -- Found rosidl_default_generators: 1.7.0 (/opt/ros/rolling/share/rosidl_default_generators/cmake)
[1.191s] -- Using all available rosidl_typesupport_c: rosidl_typesupport_fastrtps_c;rosidl_typesupport_introspection_c
[1.268s] -- Using all available rosidl_typesupport_cpp: rosidl_typesupport_fastrtps_cpp;rosidl_typesupport_introspection_cpp
[1.339s] -- Found rosidl_adapter: 4.7.0 (/opt/ros/rolling/share/rosidl_adapter/cmake)
[1.964s] [31mCMake Error at /opt/ros/rolling/share/rosidl_adapter/cmake/rosidl_adapt_interfaces.cmake:57 (message):
[1.964s]   execute_process(/usr/bin/python3 -m rosidl_adapter --package-name
[1.964s]   v2_robot_arm_interfaces --arguments-file
[1.965s]   /home/darudecookie/Documents/V2-Robot-Arm/software/ros2/src/build/v2_robot_arm_interfaces/rosidl_adapter__arguments__v2_robot_arm_interfaces.json
[1.965s]   --output-dir
[1.965s]   /home/darudecookie/Documents/V2-Robot-Arm/software/ros2/src/build/v2_robot_arm_interfaces/rosidl_adapter/v2_robot_arm_interfaces
[1.965s]   --output-file
[1.966s]   /home/darudecookie/Documents/V2-Robot-Arm/software/ros2/src/build/v2_robot_arm_interfaces/rosidl_adapter/v2_robot_arm_interfaces.idls)
[1.967s]   returned error code 1:
[1.967s] 
[1.967s]   Error processing 'float32[7] joint_home_positions -1' of
[1.967s]   'v2_robot_arm_interfaces/MicrocontrollerParameterDump_Request': 'value '-1'
[1.967s]   can not be converted to type 'float32[7]': array value must start with '['
[1.967s]   and end with ']''
[1.967s] 
[1.967s]   Traceback (most recent call last):
[1.967s] 
[1.968s]     File "<frozen runpy>", line 198, in _run_module_as_main
[1.968s]     File "<frozen runpy>", line 88, in _run_code
[1.968s]     File "/opt/ros/rolling/lib/python3.12/site-packages/rosidl_adapter/__main__.py", line 19, in <module>
[1.970s]       sys.exit(main())
[1.970s]                ^^^^^^
[1.970s]     File "/opt/ros/rolling/lib/python3.12/site-packages/rosidl_adapter/main.py", line 53, in main
[1.970s]       abs_idl_file = convert_to_idl(
[1.971s]                      ^^^^^^^^^^^^^^^
[1.971s]     File "/opt/ros/rolling/lib/python3.12/site-packages/rosidl_adapter/__init__.py", line 24, in convert_to_idl
[1.971s]       return convert_srv_to_idl(
[1.972s]              ^^^^^^^^^^^^^^^^^^^
[1.972s]     File "/opt/ros/rolling/lib/python3.12/site-packages/rosidl_adapter/srv/__init__.py", line 28, in convert_srv_to_idl
[1.972s]       srv = parse_service_string(package_name, input_file.stem, content)
[1.972s]             ^^^^^^^^^^^^^^^^^^^^^^^^^^^^^^^^^^^^^^^^^^^^^^^^^^^^^^^^^^^^
[1.973s]     File "/opt/ros/rolling/lib/python3.12/site-packages/rosidl_adapter/parser.py", line 860, in parse_service_string
[1.973s]       request_message = parse_message_string(
[1.973s]                         ^^^^^^^^^^^^^^^^^^^^^
[1.973s]     File "/opt/ros/rolling/lib/python3.12/site-packages/rosidl_adapter/parser.py", line 520, in parse_message_string
[1.973s]       fields.append(Field(
[1.973s]                     ^^^^^^
[1.973s]     File "/opt/ros/rolling/lib/python3.12/site-packages/rosidl_adapter/parser.py", line 362, in __init__
[1.974s]       self.default_value = parse_value_string(
[1.974s]                            ^^^^^^^^^^^^^^^^^^^
[1.974s]     File "/opt/ros/rolling/lib/python3.12/site-packages/rosidl_adapter/parser.py", line 600, in parse_value_string
[1.978s]       raise InvalidValue(
[1.978s] 
[1.978s]   rosidl_adapter.parser.InvalidValue: value '-1' can not be converted to type
[1.979s]   'float32[7]': array value must start with '[' and end with ']'
[1.979s] 
[1.979s] Call Stack (most recent call first):
[1.979s]   /opt/ros/rolling/share/rosidl_cmake/cmake/rosidl_generate_interfaces.cmake:132 (rosidl_adapt_interfaces)
[1.979s]   CMakeLists.txt:14 (rosidl_generate_interfaces)
[1.979s] 
[1.979s] [0m
[1.979s] -- Configuring incomplete, errors occurred!
[1.984s] gmake: *** [Makefile:226: cmake_check_build_system] Error 1
[1.987s] Invoked command in '/home/darudecookie/Documents/V2-Robot-Arm/software/ros2/src/build/v2_robot_arm_interfaces' returned '2': CMAKE_PREFIX_PATH=${CMAKE_PREFIX_PATH}:/opt/ros/rolling DEBUGINFOD_URLS=https://debuginfod.ubuntu.com /usr/bin/cmake --build /home/darudecookie/Documents/V2-Robot-Arm/software/ros2/src/build/v2_robot_arm_interfaces -- -j4 -l4
