[0.023s] Invoking command in '/home/darudecookie/Documents/V2-Robot-Arm/software/ros2/build/v2_robot_arm_interfaces': CMAKE_PREFIX_PATH=${CMAKE_PREFIX_PATH}:/opt/ros/rolling DEBUGINFOD_URLS=https://debuginfod.ubuntu.com /usr/bin/cmake --build /home/darudecookie/Documents/V2-Robot-Arm/software/ros2/build/v2_robot_arm_interfaces -- -j4 -l4
[0.084s] -- Found ament_cmake: 2.6.0 (/opt/ros/rolling/share/ament_cmake/cmake)
[0.128s] -- Found Python3: /usr/bin/python3 (found version "3.12.3") found components: Interpreter 
[0.234s] -- Found std_msgs: 5.4.0 (/opt/ros/rolling/share/std_msgs/cmake)
[0.268s] -- Found rosidl_generator_c: 4.7.0 (/opt/ros/rolling/share/rosidl_generator_c/cmake)
[0.303s] -- Found rosidl_generator_cpp: 4.7.0 (/opt/ros/rolling/share/rosidl_generator_cpp/cmake)
[0.352s] -- Using all available rosidl_typesupport_c: rosidl_typesupport_fastrtps_c;rosidl_typesupport_introspection_c
[0.391s] -- Using all available rosidl_typesupport_cpp: rosidl_typesupport_fastrtps_cpp;rosidl_typesupport_introspection_cpp
[0.458s] -- Found rosidl_default_generators: 1.7.0 (/opt/ros/rolling/share/rosidl_default_generators/cmake)
[0.469s] -- Found rosidl_adapter: 4.7.0 (/opt/ros/rolling/share/rosidl_adapter/cmake)
[0.773s] [31mCMake Error at /opt/ros/rolling/share/rosidl_adapter/cmake/rosidl_adapt_interfaces.cmake:57 (message):
[0.773s]   execute_process(/usr/bin/python3 -m rosidl_adapter --package-name
[0.773s]   v2_robot_arm_interfaces --arguments-file
[0.774s]   /home/darudecookie/Documents/V2-Robot-Arm/software/ros2/build/v2_robot_arm_interfaces/rosidl_adapter__arguments__v2_robot_arm_interfaces.json
[0.774s]   --output-dir
[0.774s]   /home/darudecookie/Documents/V2-Robot-Arm/software/ros2/build/v2_robot_arm_interfaces/rosidl_adapter/v2_robot_arm_interfaces
[0.774s]   --output-file
[0.774s]   /home/darudecookie/Documents/V2-Robot-Arm/software/ros2/build/v2_robot_arm_interfaces/rosidl_adapter/v2_robot_arm_interfaces.idls)
[0.774s]   returned error code 1:
[0.774s] 
[0.775s]   Error processing 'float 32 translation_speed 10' of
[0.775s]   'v2_robot_arm_interfaces/PeripheralSpeed': ''float' is an invalid message
[0.775s]   name.  It should have the pattern '^[A-Z][A-Za-z0-9]*$''
[0.775s] 
[0.775s]   Traceback (most recent call last):
[0.775s] 
[0.775s]     File "<frozen runpy>", line 198, in _run_module_as_main
[0.776s]     File "<frozen runpy>", line 88, in _run_code
[0.776s]     File "/opt/ros/rolling/lib/python3.12/site-packages/rosidl_adapter/__main__.py", line 19, in <module>
[0.776s]       sys.exit(main())
[0.776s]                ^^^^^^
[0.776s]     File "/opt/ros/rolling/lib/python3.12/site-packages/rosidl_adapter/main.py", line 53, in main
[0.776s]       abs_idl_file = convert_to_idl(
[0.777s]                      ^^^^^^^^^^^^^^^
[0.777s]     File "/opt/ros/rolling/lib/python3.12/site-packages/rosidl_adapter/__init__.py", line 19, in convert_to_idl
[0.777s]       return convert_msg_to_idl(
[0.777s]              ^^^^^^^^^^^^^^^^^^^
[0.777s]     File "/opt/ros/rolling/lib/python3.12/site-packages/rosidl_adapter/msg/__init__.py", line 28, in convert_msg_to_idl
[0.777s]       msg = parse_message_string(package_name, input_file.stem, content)
[0.777s]             ^^^^^^^^^^^^^^^^^^^^^^^^^^^^^^^^^^^^^^^^^^^^^^^^^^^^^^^^^^^^
[0.778s]     File "/opt/ros/rolling/lib/python3.12/site-packages/rosidl_adapter/parser.py", line 521, in parse_message_string
[0.778s]       Type(type_string, context_package_name=pkg_name),
[0.778s]       ^^^^^^^^^^^^^^^^^^^^^^^^^^^^^^^^^^^^^^^^^^^^^^^^
[0.778s]     File "/opt/ros/rolling/lib/python3.12/site-packages/rosidl_adapter/parser.py", line 278, in __init__
[0.778s]       super(Type, self).__init__(
[0.778s]     File "/opt/ros/rolling/lib/python3.12/site-packages/rosidl_adapter/parser.py", line 206, in __init__
[0.779s]       raise InvalidResourceName(
[0.779s] 
[0.779s]   rosidl_adapter.parser.InvalidResourceName: 'float' is an invalid message
[0.779s]   name.  It should have the pattern '^[A-Z][A-Za-z0-9]*$'
[0.779s] 
[0.779s] Call Stack (most recent call first):
[0.780s]   /opt/ros/rolling/share/rosidl_cmake/cmake/rosidl_generate_interfaces.cmake:132 (rosidl_adapt_interfaces)
[0.780s]   CMakeLists.txt:16 (rosidl_generate_interfaces)
[0.780s] 
[0.780s] [0m
[0.780s] -- Configuring incomplete, errors occurred!
[0.783s] gmake: *** [Makefile:3785: cmake_check_build_system] Error 1
[0.786s] Invoked command in '/home/darudecookie/Documents/V2-Robot-Arm/software/ros2/build/v2_robot_arm_interfaces' returned '2': CMAKE_PREFIX_PATH=${CMAKE_PREFIX_PATH}:/opt/ros/rolling DEBUGINFOD_URLS=https://debuginfod.ubuntu.com /usr/bin/cmake --build /home/darudecookie/Documents/V2-Robot-Arm/software/ros2/build/v2_robot_arm_interfaces -- -j4 -l4
