[0.730s] Invoking command in '/home/darudecookie/Documents/V2-Robot-Arm/software/ros2/src/build/v2_robot_arm_interfaces': CMAKE_PREFIX_PATH=${CMAKE_PREFIX_PATH}:/opt/ros/rolling DEBUGINFOD_URLS=https://debuginfod.ubuntu.com /usr/bin/cmake --build /home/darudecookie/Documents/V2-Robot-Arm/software/ros2/src/build/v2_robot_arm_interfaces -- -j4 -l4
[0.777s] -- Found ament_cmake: 2.6.0 (/opt/ros/rolling/share/ament_cmake/cmake)
[1.489s] -- Found rosidl_default_generators: 1.7.0 (/opt/ros/rolling/share/rosidl_default_generators/cmake)
[1.492s] -- Using all available rosidl_typesupport_c: rosidl_typesupport_fastrtps_c;rosidl_typesupport_introspection_c
[1.600s] -- Using all available rosidl_typesupport_cpp: rosidl_typesupport_fastrtps_cpp;rosidl_typesupport_introspection_cpp
[1.666s] -- Found rosidl_adapter: 4.7.0 (/opt/ros/rolling/share/rosidl_adapter/cmake)
[2.553s] -- Configuring incomplete, errors occurred!
[2.553s] [31mCMake Error at /opt/ros/rolling/share/rosidl_adapter/cmake/rosidl_adapt_interfaces.cmake:57 (message):
[2.553s]   execute_process(/usr/bin/python3 -m rosidl_adapter --package-name
[2.554s]   v2_robot_arm_interfaces --arguments-file
[2.554s]   /home/darudecookie/Documents/V2-Robot-Arm/software/ros2/src/build/v2_robot_arm_interfaces/rosidl_adapter__arguments__v2_robot_arm_interfaces.json
[2.554s]   --output-dir
[2.554s]   /home/darudecookie/Documents/V2-Robot-Arm/software/ros2/src/build/v2_robot_arm_interfaces/rosidl_adapter/v2_robot_arm_interfaces
[2.554s]   --output-file
[2.554s]   /home/darudecookie/Documents/V2-Robot-Arm/software/ros2/src/build/v2_robot_arm_interfaces/rosidl_adapter/v2_robot_arm_interfaces.idls)
[2.554s]   returned error code 1:
[2.554s] 
[2.555s]   Traceback (most recent call last):
[2.555s] 
[2.555s]     File "<frozen runpy>", line 198, in _run_module_as_main
[2.555s]     File "<frozen runpy>", line 88, in _run_code
[2.555s]     File "/opt/ros/rolling/lib/python3.12/site-packages/rosidl_adapter/__main__.py", line 19, in <module>
[2.555s]       sys.exit(main())
[2.555s]                ^^^^^^
[2.556s]     File "/opt/ros/rolling/lib/python3.12/site-packages/rosidl_adapter/main.py", line 53, in main
[2.556s]       abs_idl_file = convert_to_idl(
[2.556s]                      ^^^^^^^^^^^^^^^
[2.556s]     File "/opt/ros/rolling/lib/python3.12/site-packages/rosidl_adapter/__init__.py", line 29, in convert_to_idl
[2.561s]       return convert_action_to_idl(
[2.561s]              ^^^^^^^^^^^^^^^^^^^^^^
[2.561s]     File "/opt/ros/rolling/lib/python3.12/site-packages/rosidl_adapter/action/__init__.py", line 28, in convert_action_to_idl
[2.561s]       action = parse_action_string(package_name, input_file.stem, content)
[2.561s]                ^^^^^^^^^^^^^^^^^^^^^^^^^^^^^^^^^^^^^^^^^^^^^^^^^^^^^^^^^^^
[2.561s]     File "/opt/ros/rolling/lib/python3.12/site-packages/rosidl_adapter/parser.py", line 895, in parse_action_string
[2.562s]       raise InvalidActionSpecification(
[2.562s] 
[2.562s]   rosidl_adapter.parser.InvalidActionSpecification: Number of '---'
[2.562s]   separators nonconformant with action definition
[2.562s] 
[2.562s] Call Stack (most recent call first):
[2.562s]   /opt/ros/rolling/share/rosidl_cmake/cmake/rosidl_generate_interfaces.cmake:132 (rosidl_adapt_interfaces)
[2.563s]   CMakeLists.txt:14 (rosidl_generate_interfaces)
[2.563s] 
[2.566s] [0m
[2.566s] gmake: *** [Makefile:226: cmake_check_build_system] Error 1
[2.567s] Invoked command in '/home/darudecookie/Documents/V2-Robot-Arm/software/ros2/src/build/v2_robot_arm_interfaces' returned '2': CMAKE_PREFIX_PATH=${CMAKE_PREFIX_PATH}:/opt/ros/rolling DEBUGINFOD_URLS=https://debuginfod.ubuntu.com /usr/bin/cmake --build /home/darudecookie/Documents/V2-Robot-Arm/software/ros2/src/build/v2_robot_arm_interfaces -- -j4 -l4
