[0.753s] Invoking command in '/home/darudecookie/Documents/V2-Robot-Arm/software/ros2/src/build/v2_robot_arm_interfaces': CMAKE_PREFIX_PATH=${CMAKE_PREFIX_PATH}:/opt/ros/rolling DEBUGINFOD_URLS=https://debuginfod.ubuntu.com /usr/bin/cmake --build /home/darudecookie/Documents/V2-Robot-Arm/software/ros2/src/build/v2_robot_arm_interfaces -- -j4 -l4
[0.795s] -- Found ament_cmake: 2.6.0 (/opt/ros/rolling/share/ament_cmake/cmake)
[1.225s] -- Found rosidl_default_generators: 1.7.0 (/opt/ros/rolling/share/rosidl_default_generators/cmake)
[1.231s] -- Using all available rosidl_typesupport_c: rosidl_typesupport_fastrtps_c;rosidl_typesupport_introspection_c
[1.314s] -- Using all available rosidl_typesupport_cpp: rosidl_typesupport_fastrtps_cpp;rosidl_typesupport_introspection_cpp
[1.384s] -- Found rosidl_adapter: 4.7.0 (/opt/ros/rolling/share/rosidl_adapter/cmake)
[1.984s] [31mCMake Error at /opt/ros/rolling/share/rosidl_adapter/cmake/rosidl_adapt_interfaces.cmake:57 (message):
[1.984s]   execute_process(/usr/bin/python3 -m rosidl_adapter --package-name
[1.985s]   v2_robot_arm_interfaces --arguments-file
[1.985s]   /home/darudecookie/Documents/V2-Robot-Arm/software/ros2/src/build/v2_robot_arm_interfaces/rosidl_adapter__arguments__v2_robot_arm_interfaces.json
[1.985s]   --output-dir
[1.985s]   /home/darudecookie/Documents/V2-Robot-Arm/software/ros2/src/build/v2_robot_arm_interfaces/rosidl_adapter/v2_robot_arm_interfaces
[1.985s]   --output-file
[1.985s]   /home/darudecookie/Documents/V2-Robot-Arm/software/ros2/src/build/v2_robot_arm_interfaces/rosidl_adapter/v2_robot_arm_interfaces.idls)
[1.985s]   returned error code 1:
[1.985s] 
[1.986s]   Error processing 'float[7] target_joint_positions' of
[1.989s]   'v2_robot_arm_interfaces/TargetJointInfo': ''float' is an invalid message
[1.989s]   name.  It should have the pattern '^[A-Z][A-Za-z0-9]*$''
[1.989s] 
[1.989s]   Traceback (most recent call last):
[1.989s] 
[1.990s]     File "<frozen runpy>", line 198, in _run_module_as_main
[1.990s]     File "<frozen runpy>", line 88, in _run_code
[1.990s]     File "/opt/ros/rolling/lib/python3.12/site-packages/rosidl_adapter/__main__.py", line 19, in <module>
[1.990s]       sys.exit(main())
[1.990s]                ^^^^^^
[1.990s]     File "/opt/ros/rolling/lib/python3.12/site-packages/rosidl_adapter/main.py", line 53, in main
[1.990s]       abs_idl_file = convert_to_idl(
[1.990s]                      ^^^^^^^^^^^^^^^
[1.991s]     File "/opt/ros/rolling/lib/python3.12/site-packages/rosidl_adapter/__init__.py", line 19, in convert_to_idl
[1.991s]       return convert_msg_to_idl(
[1.991s]              ^^^^^^^^^^^^^^^^^^^
[1.991s]     File "/opt/ros/rolling/lib/python3.12/site-packages/rosidl_adapter/msg/__init__.py", line 28, in convert_msg_to_idl
[1.991s]       msg = parse_message_string(package_name, input_file.stem, content)
[1.991s]             ^^^^^^^^^^^^^^^^^^^^^^^^^^^^^^^^^^^^^^^^^^^^^^^^^^^^^^^^^^^^
[1.992s]     File "/opt/ros/rolling/lib/python3.12/site-packages/rosidl_adapter/parser.py", line 521, in parse_message_string
[1.992s]       Type(type_string, context_package_name=pkg_name),
[1.995s]       ^^^^^^^^^^^^^^^^^^^^^^^^^^^^^^^^^^^^^^^^^^^^^^^^
[1.995s]     File "/opt/ros/rolling/lib/python3.12/site-packages/rosidl_adapter/parser.py", line 278, in __init__
[1.995s]       super(Type, self).__init__(
[1.995s]     File "/opt/ros/rolling/lib/python3.12/site-packages/rosidl_adapter/parser.py", line 206, in __init__
[1.996s]       raise InvalidResourceName(
[1.996s] 
[1.996s]   rosidl_adapter.parser.InvalidResourceName: 'float' is an invalid message
[1.996s]   name.  It should have the pattern '^[A-Z][A-Za-z0-9]*$'
[1.996s] 
[1.996s] Call Stack (most recent call first):
[1.996s]   /opt/ros/rolling/share/rosidl_cmake/cmake/rosidl_generate_interfaces.cmake:132 (rosidl_adapt_interfaces)
[1.996s]   CMakeLists.txt:14 (rosidl_generate_interfaces)
[1.997s] 
[1.997s] [0m
[1.997s] -- Configuring incomplete, errors occurred!
[2.014s] gmake: *** [Makefile:226: cmake_check_build_system] Error 1
[2.017s] Invoked command in '/home/darudecookie/Documents/V2-Robot-Arm/software/ros2/src/build/v2_robot_arm_interfaces' returned '2': CMAKE_PREFIX_PATH=${CMAKE_PREFIX_PATH}:/opt/ros/rolling DEBUGINFOD_URLS=https://debuginfod.ubuntu.com /usr/bin/cmake --build /home/darudecookie/Documents/V2-Robot-Arm/software/ros2/src/build/v2_robot_arm_interfaces -- -j4 -l4
