[0.026s] Invoking command in '/home/darudecookie/Documents/V2-Robot-Arm/software/ros2/src/build/v2_robot_arm_interfaces': CMAKE_PREFIX_PATH=${CMAKE_PREFIX_PATH}:/home/darudecookie/Documents/V2-Robot-Arm/software/ros2/src/install/movement_controllers:/home/darudecookie/Documents/V2-Robot-Arm/software/ros2/src/install/hardware_interface:/home/darudecookie/Documents/V2-Robot-Arm/software/ros2/src/install/ros_controller_interface:/opt/ros/rolling DEBUGINFOD_URLS=https://debuginfod.ubuntu.com /usr/bin/cmake --build /home/darudecookie/Documents/V2-Robot-Arm/software/ros2/src/build/v2_robot_arm_interfaces -- -j4 -l4
[0.104s] [  0%] Built target v2_robot_arm_interfaces__rosidl_generator_type_description
[0.139s] [  0%] Built target ament_cmake_python_copy_v2_robot_arm_interfaces
[0.179s] [  0%] Built target v2_robot_arm_interfaces__cpp
[0.221s] [ 26%] Built target v2_robot_arm_interfaces__rosidl_generator_c
[0.340s] [ 36%] Built target v2_robot_arm_interfaces__rosidl_typesupport_cpp
[0.351s] [ 45%] Built target v2_robot_arm_interfaces__rosidl_typesupport_fastrtps_c
[0.354s] [ 55%] Built target v2_robot_arm_interfaces__rosidl_typesupport_fastrtps_cpp
[0.412s] [ 65%] Built target v2_robot_arm_interfaces__rosidl_typesupport_c
[0.436s] [ 75%] Built target v2_robot_arm_interfaces__rosidl_typesupport_introspection_c
[0.447s] [ 85%] Built target v2_robot_arm_interfaces__rosidl_typesupport_introspection_cpp
[0.525s] [ 85%] Built target v2_robot_arm_interfaces
[0.565s] [ 86%] Built target v2_robot_arm_interfaces__py
[0.624s] [ 96%] Built target v2_robot_arm_interfaces__rosidl_generator_py
[0.700s] [ 97%] Built target v2_robot_arm_interfaces_s__rosidl_typesupport_c
[0.733s] [ 98%] Built target v2_robot_arm_interfaces_s__rosidl_typesupport_fastrtps_c
[0.761s] [100%] Built target v2_robot_arm_interfaces_s__rosidl_typesupport_introspection_c
[0.859s] running egg_info
[0.911s] writing v2_robot_arm_interfaces.egg-info/PKG-INFO
[0.916s] writing dependency_links to v2_robot_arm_interfaces.egg-info/dependency_links.txt
[0.916s] writing top-level names to v2_robot_arm_interfaces.egg-info/top_level.txt
[1.041s] reading manifest file 'v2_robot_arm_interfaces.egg-info/SOURCES.txt'
[1.042s] writing manifest file 'v2_robot_arm_interfaces.egg-info/SOURCES.txt'
[1.086s] [100%] Built target ament_cmake_python_build_v2_robot_arm_interfaces_egg
[1.108s] Invoked command in '/home/darudecookie/Documents/V2-Robot-Arm/software/ros2/src/build/v2_robot_arm_interfaces' returned '0': CMAKE_PREFIX_PATH=${CMAKE_PREFIX_PATH}:/home/darudecookie/Documents/V2-Robot-Arm/software/ros2/src/install/movement_controllers:/home/darudecookie/Documents/V2-Robot-Arm/software/ros2/src/install/hardware_interface:/home/darudecookie/Documents/V2-Robot-Arm/software/ros2/src/install/ros_controller_interface:/opt/ros/rolling DEBUGINFOD_URLS=https://debuginfod.ubuntu.com /usr/bin/cmake --build /home/darudecookie/Documents/V2-Robot-Arm/software/ros2/src/build/v2_robot_arm_interfaces -- -j4 -l4
[1.519s] Traceback (most recent call last):
  File "/usr/lib/python3/dist-packages/colcon_parallel_executor/executor/parallel.py", line 75, in execute
    loop.run_until_complete(future)
  File "/usr/lib/python3.12/asyncio/base_events.py", line 674, in run_until_complete
    self.run_forever()
  File "/usr/lib/python3.12/asyncio/base_events.py", line 641, in run_forever
    self._run_once()
  File "/usr/lib/python3.12/asyncio/base_events.py", line 1949, in _run_once
    event_list = self._selector.select(timeout)
                 ^^^^^^^^^^^^^^^^^^^^^^^^^^^^^^
  File "/usr/lib/python3.12/selectors.py", line 468, in select
    fd_event_list = self._selector.poll(timeout, max_ev)
                    ^^^^^^^^^^^^^^^^^^^^^^^^^^^^^^^^^^^^
KeyboardInterrupt

During handling of the above exception, another exception occurred:

Traceback (most recent call last):
  File "/usr/lib/python3/dist-packages/colcon_core/executor/__init__.py", line 91, in __call__
    rc = await self.task(*args, **kwargs)
         ^^^^^^^^^^^^^^^^^^^^^^^^^^^^^^^^
  File "/usr/lib/python3/dist-packages/colcon_core/task/__init__.py", line 93, in __call__
    return await task_method(*args, **kwargs)
           ^^^^^^^^^^^^^^^^^^^^^^^^^^^^^^^^^^
  File "/usr/lib/python3/dist-packages/colcon_ros/task/ament_cmake/build.py", line 59, in build
    rc = await extension.build(
         ^^^^^^^^^^^^^^^^^^^^^^
  File "/usr/lib/python3/dist-packages/colcon_cmake/task/cmake/build.py", line 110, in build
    if await has_target(args.build_base, 'install'):
       ^^^^^^^^^^^^^^^^^^^^^^^^^^^^^^^^^^^^^^^^^^^^
  File "/usr/lib/python3/dist-packages/colcon_cmake/task/cmake/__init__.py", line 57, in has_target
    return target in await get_makefile_targets(path)
                     ^^^^^^^^^^^^^^^^^^^^^^^^^^^^^^^^
  File "/usr/lib/python3/dist-packages/colcon_cmake/task/cmake/__init__.py", line 77, in get_makefile_targets
    output = await check_output([
             ^^^^^^^^^^^^^^^^^^^^
  File "/usr/lib/python3/dist-packages/colcon_core/subprocess.py", line 129, in check_output
    assert not rc, f'Expected {args} to pass: {stderr_data}'
           ^^^^^^
AssertionError: Expected ['/usr/bin/cmake', '--build', '/home/darudecookie/Documents/V2-Robot-Arm/software/ros2/src/build/v2_robot_arm_interfaces', '--target', 'help'] to pass: gmake: *** [Makefile:3935: help] Interrupt

